
10월 04, 2023 11:33:33.785 NEW SESSION
10월 04, 2023 11:33:33.785 INFO: Created TensorFlow Lite XNNPACK delegate for CPU.
10월 04, 2023 11:34:53.782 INFO: Created TensorFlow Lite XNNPACK delegate for CPU.
10월 04, 2023 12:00:25.756 [11016:740:1004/120025.756:ERROR:interface_endpoint_client.cc(702)] Message 1 rejected by interface blink.mojom.WidgetHost
10월 04, 2023 12:06:58.308 [11016:740:1004/120658.307:ERROR:interface_endpoint_client.cc(702)] Message 1 rejected by interface blink.mojom.WidgetHost
10월 04, 2023 12:08:09.503 [11016:740:1004/120809.503:ERROR:interface_endpoint_client.cc(702)] Message 1 rejected by interface blink.mojom.WidgetHost
10월 04, 2023 12:12:21.572 INFO: Created TensorFlow Lite XNNPACK delegate for CPU.
10월 04, 2023 12:27:55.815 [15340:8060:1004/122755.815:ERROR:interface_endpoint_client.cc(702)] Message 1 rejected by interface blink.mojom.WidgetHost
10월 04, 2023 14:01:03.824 [15340:8060:1004/140103.823:ERROR:interface_endpoint_client.cc(702)] Message 1 rejected by interface blink.mojom.WidgetHost
10월 04, 2023 14:16:23.539 INFO: Created TensorFlow Lite XNNPACK delegate for CPU.
10월 04, 2023 14:23:43.574 [3660:14028:1004/142343.574:ERROR:interface_endpoint_client.cc(702)] Message 1 rejected by interface blink.mojom.WidgetHost
10월 04, 2023 14:35:50.211 [3660:14028:1004/143550.211:ERROR:interface_endpoint_client.cc(702)] Message 1 rejected by interface blink.mojom.WidgetHost
10월 04, 2023 15:01:06.168 [3660:14028:1004/150106.168:ERROR:interface_endpoint_client.cc(702)] Message 1 rejected by interface blink.mojom.WidgetHost

10월 05, 2023 10:16:22.68 NEW SESSION
10월 05, 2023 10:16:22.68 INFO: Created TensorFlow Lite XNNPACK delegate for CPU.
10월 05, 2023 10:19:48.81 [2832:5736:1005/101948.081:ERROR:interface_endpoint_client.cc(702)] Message 1 rejected by interface blink.mojom.WidgetHost
10월 05, 2023 10:20:15.381 INFO: Created TensorFlow Lite XNNPACK delegate for CPU.
10월 05, 2023 10:25:29.427 [15932:15940:1005/102529.427:ERROR:mcs_client.cc(750)] Received close command, resetting connection.
10월 05, 2023 10:31:57.939 INFO: Created TensorFlow Lite XNNPACK delegate for CPU.
10월 05, 2023 10:37:40.243 [15036:10460:1005/103740.243:ERROR:interface_endpoint_client.cc(702)] Message 1 rejected by interface blink.mojom.WidgetHost
10월 05, 2023 10:37:56.762 [15036:10460:1005/103756.762:ERROR:interface_endpoint_client.cc(702)] Message 1 rejected by interface blink.mojom.WidgetHost
10월 05, 2023 10:45:42.233 INFO: Created TensorFlow Lite XNNPACK delegate for CPU.
10월 05, 2023 10:57:10.745 [17176:1360:1005/105710.745:ERROR:interface_endpoint_client.cc(702)] Message 1 rejected by interface blink.mojom.WidgetHost
10월 05, 2023 10:57:34.775 [17176:1360:1005/105734.775:ERROR:interface_endpoint_client.cc(702)] Message 1 rejected by interface blink.mojom.WidgetHost
10월 05, 2023 10:58:41.240 [17176:1360:1005/105841.239:ERROR:interface_endpoint_client.cc(702)] Message 0 rejected by interface blink.mojom.WidgetHost
10월 05, 2023 11:07:07.71 [17176:1360:1005/110707.071:ERROR:interface_endpoint_client.cc(702)] Message 1 rejected by interface blink.mojom.WidgetHost
10월 05, 2023 11:24:18.113 [17176:1360:1005/112418.113:ERROR:interface_endpoint_client.cc(702)] Message 1 rejected by interface blink.mojom.WidgetHost
10월 05, 2023 11:53:38.949 [17176:1360:1005/115338.949:ERROR:interface_endpoint_client.cc(702)] Message 1 rejected by interface blink.mojom.WidgetHost
10월 05, 2023 11:55:10.77 [17176:1360:1005/115510.077:ERROR:interface_endpoint_client.cc(702)] Message 1 rejected by interface blink.mojom.WidgetHost
10월 05, 2023 11:58:58.143 [17176:1360:1005/115858.143:ERROR:interface_endpoint_client.cc(702)] Message 1 rejected by interface blink.mojom.WidgetHost
10월 05, 2023 12:04:44.829 INFO: Created TensorFlow Lite XNNPACK delegate for CPU.
10월 05, 2023 12:07:24.290 INFO: Created TensorFlow Lite XNNPACK delegate for CPU.
10월 05, 2023 12:08:23.535 INFO: Created TensorFlow Lite XNNPACK delegate for CPU.
10월 05, 2023 12:20:55.417 [11024:15812:1005/122055.417:ERROR:interface_endpoint_client.cc(702)] Message 1 rejected by interface blink.mojom.WidgetHost
10월 05, 2023 12:29:22.521 INFO: Created TensorFlow Lite XNNPACK delegate for CPU.
10월 05, 2023 12:30:18.91 INFO: Created TensorFlow Lite XNNPACK delegate for CPU.
10월 05, 2023 12:32:11.908 INFO: Created TensorFlow Lite XNNPACK delegate for CPU.
10월 05, 2023 12:32:48.296 INFO: Created TensorFlow Lite XNNPACK delegate for CPU.
10월 05, 2023 12:36:20.989 INFO: Created TensorFlow Lite XNNPACK delegate for CPU.
10월 05, 2023 12:39:34.341 INFO: Created TensorFlow Lite XNNPACK delegate for CPU.
10월 05, 2023 12:43:22.885 INFO: Created TensorFlow Lite XNNPACK delegate for CPU.
10월 05, 2023 12:45:40.417 INFO: Created TensorFlow Lite XNNPACK delegate for CPU.
10월 05, 2023 13:38:28.871 [10356:4696:1005/133828.870:ERROR:interface_endpoint_client.cc(702)] Message 1 rejected by interface blink.mojom.WidgetHost
10월 05, 2023 13:38:28.871 [10356:4696:1005/133828.870:ERROR:interface_endpoint_client.cc(702)] Message 1 rejected by interface blink.mojom.WidgetHost
10월 05, 2023 15:15:49.356 INFO: Created TensorFlow Lite XNNPACK delegate for CPU.
10월 05, 2023 15:26:53.426 INFO: Created TensorFlow Lite XNNPACK delegate for CPU.
10월 05, 2023 16:22:45.765 INFO: Created TensorFlow Lite XNNPACK delegate for CPU.
10월 05, 2023 16:28:13.245 INFO: Created TensorFlow Lite XNNPACK delegate for CPU.

10월 06, 2023 09:25:24.975 NEW SESSION
10월 06, 2023 09:25:24.975 INFO: Created TensorFlow Lite XNNPACK delegate for CPU.
10월 06, 2023 09:27:14.949 [15224:13564:1006/092714.949:ERROR:interface_endpoint_client.cc(702)] Message 1 rejected by interface blink.mojom.WidgetHost
10월 06, 2023 10:09:22.339 INFO: Created TensorFlow Lite XNNPACK delegate for CPU.
10월 06, 2023 10:11:30.264 INFO: Created TensorFlow Lite XNNPACK delegate for CPU.
10월 06, 2023 10:31:22.870 [1676:2516:1006/103122.870:ERROR:interface_endpoint_client.cc(702)] Message 0 rejected by interface blink.mojom.WidgetHost
10월 06, 2023 10:32:11.854 [1676:2516:1006/103211.854:ERROR:interface_endpoint_client.cc(702)] Message 1 rejected by interface blink.mojom.WidgetHost
10월 06, 2023 10:43:15.928 [1676:2516:1006/104315.928:ERROR:interface_endpoint_client.cc(702)] Message 1 rejected by interface blink.mojom.WidgetHost
10월 06, 2023 10:52:50.543 [1676:2516:1006/105250.542:ERROR:interface_endpoint_client.cc(702)] Message 1 rejected by interface blink.mojom.WidgetHost
10월 06, 2023 10:56:03.162 [1676:2516:1006/105603.162:ERROR:interface_endpoint_client.cc(702)] Message 1 rejected by interface blink.mojom.WidgetHost
10월 06, 2023 10:56:37.167 [1676:2516:1006/105637.167:ERROR:interface_endpoint_client.cc(702)] Message 1 rejected by interface blink.mojom.WidgetHost
10월 06, 2023 10:57:30.963 [1676:2516:1006/105730.963:ERROR:interface_endpoint_client.cc(702)] Message 1 rejected by interface blink.mojom.WidgetHost
10월 06, 2023 10:57:43.780 [1676:2516:1006/105743.780:ERROR:interface_endpoint_client.cc(702)] Message 1 rejected by interface blink.mojom.WidgetHost
10월 06, 2023 11:33:28.463 [1676:2516:1006/113328.462:ERROR:interface_endpoint_client.cc(702)] Message 1 rejected by interface blink.mojom.WidgetHost
10월 06, 2023 11:48:36.694 [1676:2516:1006/114836.694:ERROR:interface_endpoint_client.cc(702)] Message 1 rejected by interface blink.mojom.WidgetHost
10월 06, 2023 11:51:34.914 [1676:2516:1006/115134.914:ERROR:interface_endpoint_client.cc(702)] Message 0 rejected by interface blink.mojom.WidgetHost
10월 06, 2023 11:52:48.86 [1676:2516:1006/115248.086:ERROR:interface_endpoint_client.cc(702)] Message 1 rejected by interface blink.mojom.WidgetHost
10월 06, 2023 11:59:06.627 [1676:2516:1006/115906.627:ERROR:interface_endpoint_client.cc(702)] Message 1 rejected by interface blink.mojom.WidgetHost
10월 06, 2023 13:50:38.598 [1676:2516:1006/135038.598:ERROR:interface_endpoint_client.cc(702)] Message 1 rejected by interface blink.mojom.WidgetHost
10월 06, 2023 13:52:56.566 [1676:2516:1006/135256.566:ERROR:interface_endpoint_client.cc(702)] Message 1 rejected by interface blink.mojom.WidgetHost
10월 06, 2023 13:56:06.806 [1676:2516:1006/135606.806:ERROR:interface_endpoint_client.cc(702)] Message 1 rejected by interface blink.mojom.WidgetHost
10월 06, 2023 14:01:14.871 [1676:2516:1006/140114.871:ERROR:interface_endpoint_client.cc(702)] Message 1 rejected by interface blink.mojom.WidgetHost
10월 06, 2023 14:02:25.292 [1676:2516:1006/140225.292:ERROR:interface_endpoint_client.cc(702)] Message 1 rejected by interface blink.mojom.WidgetHost
10월 06, 2023 14:03:12.547 [1676:2516:1006/140312.546:ERROR:interface_endpoint_client.cc(702)] Message 0 rejected by interface blink.mojom.WidgetHost
10월 06, 2023 14:24:41.00 INFO: Created TensorFlow Lite XNNPACK delegate for CPU.
10월 06, 2023 14:25:11.128 INFO: Created TensorFlow Lite XNNPACK delegate for CPU.
10월 06, 2023 14:27:40.786 INFO: Created TensorFlow Lite XNNPACK delegate for CPU.
10월 06, 2023 14:47:31.76 INFO: Created TensorFlow Lite XNNPACK delegate for CPU.
10월 06, 2023 14:48:40.163 INFO: Created TensorFlow Lite XNNPACK delegate for CPU.
10월 06, 2023 14:54:10.719 INFO: Created TensorFlow Lite XNNPACK delegate for CPU.
10월 06, 2023 14:54:24.170 INFO: Created TensorFlow Lite XNNPACK delegate for CPU.
10월 06, 2023 14:55:24.291 INFO: Created TensorFlow Lite XNNPACK delegate for CPU.
10월 06, 2023 15:18:07.739 INFO: Created TensorFlow Lite XNNPACK delegate for CPU.
10월 06, 2023 15:18:24.14 INFO: Created TensorFlow Lite XNNPACK delegate for CPU.
10월 06, 2023 15:18:49.703 INFO: Created TensorFlow Lite XNNPACK delegate for CPU.
10월 06, 2023 15:20:21.269 INFO: Created TensorFlow Lite XNNPACK delegate for CPU.
10월 06, 2023 15:29:58.283 INFO: Created TensorFlow Lite XNNPACK delegate for CPU.
10월 06, 2023 15:30:49.179 INFO: Created TensorFlow Lite XNNPACK delegate for CPU.
10월 06, 2023 15:30:56.449 [6496:3820:1006/153056.448:ERROR:get_updates_processor.cc(261)] PostClientToServerMessage() failed during GetUpdates with error 2
10월 06, 2023 15:36:54.115 INFO: Created TensorFlow Lite XNNPACK delegate for CPU.
10월 06, 2023 15:37:19.812 INFO: Created TensorFlow Lite XNNPACK delegate for CPU.
10월 06, 2023 15:42:36.199 INFO: Created TensorFlow Lite XNNPACK delegate for CPU.
10월 06, 2023 15:49:59.63 INFO: Created TensorFlow Lite XNNPACK delegate for CPU.
10월 06, 2023 15:55:10.907 INFO: Created TensorFlow Lite XNNPACK delegate for CPU.
10월 06, 2023 16:15:22.188 INFO: Created TensorFlow Lite XNNPACK delegate for CPU.
10월 06, 2023 16:16:13.699 INFO: Created TensorFlow Lite XNNPACK delegate for CPU.
10월 06, 2023 16:16:52.942 INFO: Created TensorFlow Lite XNNPACK delegate for CPU.
10월 06, 2023 16:20:21.494 INFO: Created TensorFlow Lite XNNPACK delegate for CPU.
10월 06, 2023 16:21:03.709 INFO: Created TensorFlow Lite XNNPACK delegate for CPU.
10월 06, 2023 16:28:11.613 [8656:12004:1006/162811.612:ERROR:interface_endpoint_client.cc(702)] Message 1 rejected by interface blink.mojom.WidgetHost
10월 06, 2023 16:31:31.792 [8656:12004:1006/163131.792:ERROR:interface_endpoint_client.cc(702)] Message 1 rejected by interface blink.mojom.WidgetHost
10월 06, 2023 16:32:23.405 [8656:12004:1006/163223.404:ERROR:interface_endpoint_client.cc(702)] Message 1 rejected by interface blink.mojom.WidgetHost
10월 06, 2023 16:34:24.387 [8656:12004:1006/163424.387:ERROR:interface_endpoint_client.cc(702)] Message 1 rejected by interface blink.mojom.WidgetHost
10월 06, 2023 16:34:27.446 [8656:12004:1006/163427.446:ERROR:interface_endpoint_client.cc(702)] Message 1 rejected by interface blink.mojom.WidgetHost
10월 06, 2023 16:36:25.867 [8656:12004:1006/163625.866:ERROR:interface_endpoint_client.cc(702)] Message 1 rejected by interface blink.mojom.WidgetHost
10월 06, 2023 16:42:55.615 INFO: Created TensorFlow Lite XNNPACK delegate for CPU.
10월 06, 2023 16:44:22.182 INFO: Created TensorFlow Lite XNNPACK delegate for CPU.
10월 06, 2023 16:59:33.330 INFO: Created TensorFlow Lite XNNPACK delegate for CPU.
10월 06, 2023 16:59:40.484 [15832:12432:1006/165940.484:ERROR:get_updates_processor.cc(261)] PostClientToServerMessage() failed during GetUpdates with error 2

10월 11, 2023 09:16:08.479 NEW SESSION
10월 11, 2023 09:16:08.479 INFO: Created TensorFlow Lite XNNPACK delegate for CPU.
10월 11, 2023 09:19:23.599 [9716:3860:1011/091923.599:ERROR:interface_endpoint_client.cc(702)] Message 1 rejected by interface blink.mojom.WidgetHost
10월 11, 2023 11:04:41.936 [15136:6396:1011/110441.936:ERROR:interface_endpoint_client.cc(702)] Message 1 rejected by interface blink.mojom.WidgetHost
10월 11, 2023 13:58:03.51 [3860:9396:1011/135803.050:ERROR:interface_endpoint_client.cc(702)] Message 1 rejected by interface blink.mojom.WidgetHost
10월 11, 2023 16:18:37.788 [13404:11456:1011/161837.760:ERROR:interface_endpoint_client.cc(702)] Message 1 rejected by interface blink.mojom.WidgetHost
10월 11, 2023 16:21:42.709 [13404:11456:1011/162142.709:ERROR:interface_endpoint_client.cc(702)] Message 1 rejected by interface blink.mojom.WidgetHost
10월 11, 2023 16:35:15.963 [13404:11456:1011/163515.962:ERROR:interface_endpoint_client.cc(702)] Message 1 rejected by interface blink.mojom.WidgetHost

10월 12, 2023 10:12:05.466 NEW SESSION
10월 12, 2023 10:12:05.466 [10920:3040:1012/101205.455:ERROR:interface_endpoint_client.cc(702)] Message 1 rejected by interface blink.mojom.WidgetHost
10월 12, 2023 11:44:34.972 [4136:11088:1012/114434.971:ERROR:interface_endpoint_client.cc(702)] Message 1 rejected by interface blink.mojom.WidgetHost
10월 12, 2023 14:29:21.602 [10636:3172:1012/142921.602:ERROR:interface_endpoint_client.cc(702)] Message 1 rejected by interface blink.mojom.WidgetHost
10월 12, 2023 14:33:06.530 [10636:3172:1012/143306.529:ERROR:interface_endpoint_client.cc(702)] Message 1 rejected by interface blink.mojom.WidgetHost
10월 12, 2023 14:35:24.663 [10636:3172:1012/143524.663:ERROR:interface_endpoint_client.cc(702)] Message 1 rejected by interface blink.mojom.WidgetHost
10월 12, 2023 19:40:18.129 [12116:10788:1012/194018.129:ERROR:device_event_log_impl.cc(225)] [19:40:18.130] Bluetooth: bluetooth_adapter_winrt.cc:1058 Getting Default Adapter failed.
